Arguments: 
  C:\Program Files\nodejs\node.exe C:\Users\victo\AppData\Roaming\npm\node_modules\yarn\bin\yarn.js install

PATH: 
  C:\Program Files\ImageMagick-7.1.0-Q16-HDRI;C:\Program Files\Common Files\Oracle\Java\javapath;C:\Python311\Scripts\;C:\Python311\;C:\WINDOWS\system32;C:\WINDOWS;C:\WINDOWS\System32\Wbem;C:\WINDOWS\System32\WindowsPowerShell\v1.0\;C:\WINDOWS\System32\OpenSSH\;C:\ProgramData\chocolatey\bin;C:\Program Files\PuTTY\;C:\Program Files (x86)\QuickTime\QTSystem\;C:\Program Files\TortoiseGit\bin;C:\Program Files (x86)\GNU\GnuPG\pub;C:\Program Files\OpenJDK\jdk-12.0.2\bin;C:\Program Files\Docker\Docker\resources\bin;C:\Program Files\Git\cmd;C:\Program Files\OpenJDK\jdk-19.0.1\bin;C:\Program Files\nodejs\;C:\php;C:\tools\ruby31\bin;C:\Ruby31-x64\bin;C:\Users\victo\AppData\Local\Programs\Python\Python39\Scripts\;C:\Users\victo\AppData\Local\Programs\Python\Python39\;C:\Users\victo\AppData\Local\Microsoft\WindowsApps;C:\Program Files\OpenSSL-Win64\bin;C:\Program Files\Oracle\VirtualBox;C:\Users\victo\AppData\Local\Pandoc\;C:\Users\victo\AppData\Local\Programs\Microsoft VS Code\bin;C:\Users\victo\AppData\Roaming\npm;C:\Users\victo\AppData\Local\Markdown Monster

Yarn version: 
  1.22.19

Node version: 
  18.14.2

Platform: 
  win32 x64

Trace: 
  SyntaxError: C:\Users\victo\Documents\Nepthune\nepthune\package.json: Unexpected end of JSON input
      at JSON.parse (<anonymous>)
      at C:\Users\victo\AppData\Roaming\npm\node_modules\yarn\lib\cli.js:1629:59
      at Generator.next (<anonymous>)
      at step (C:\Users\victo\AppData\Roaming\npm\node_modules\yarn\lib\cli.js:310:30)
      at C:\Users\victo\AppData\Roaming\npm\node_modules\yarn\lib\cli.js:321:13

npm manifest: 
  

yarn manifest: 
  No manifest

Lockfile: 
  No lockfile
